<?xml version="1.0" encoding="UTF-8"?>
<!-- Generated by org.testng.reporters.JUnitReportReporter -->
<testsuite hostname="DESKTOP-OFA3VR4" failures="0" tests="2" name="com.testng.basics.Grouping_Ex2" time="0.004" errors="0" timestamp="2025-09-25T14:49:31 IST" skipped="0">
  <testcase classname="com.testng.basics.Grouping_Ex2" name="smokeTest2" time="0.001"/>
  <testcase classname="com.testng.basics.Grouping_Ex2" name="smokeTest1" time="0.003"/>
</testsuite> <!-- com.testng.basics.Grouping_Ex2 -->
