<?xml version="1.0" encoding="UTF-8"?>
<!-- Generated by org.testng.reporters.JUnitReportReporter -->
<testsuite hostname="DESKTOP-OFA3VR4" failures="0" tests="1" name="com.testng.basics.Enable_test_Ex" time="3.906" errors="0" timestamp="2025-09-25T14:25:18 IST" skipped="0">
  <testcase classname="com.testng.basics.Enable_test_Ex" name="btnlo" time="3.906"/>
</testsuite> <!-- com.testng.basics.Enable_test_Ex -->
