<?xml version="1.0" encoding="UTF-8"?>
<!-- Generated by org.testng.reporters.JUnitReportReporter -->
<testsuite hostname="DESKTOP-OFA3VR4" failures="0" tests="2" name="com.testng.basics.SetUpTearDown_Ex" time="6.642" errors="0" timestamp="2025-09-25T14:25:18 IST" skipped="0">
  <testcase classname="com.testng.basics.SetUpTearDown_Ex" name="VerifyHomePageTitle" time="3.098"/>
  <testcase classname="com.testng.basics.SetUpTearDown_Ex" name="VerifyCurrentUrl" time="3.544"/>
</testsuite> <!-- com.testng.basics.SetUpTearDown_Ex -->
