<?xml version="1.0" encoding="UTF-8"?>
<!-- Generated by org.testng.reporters.JUnitReportReporter -->
<testsuite hostname="DESKTOP-OFA3VR4" failures="0" tests="1" name="com.testng.basics.Annotation_Ex" time="0.003" errors="0" timestamp="2025-09-25T14:25:18 IST" skipped="0">
  <testcase classname="com.testng.basics.Annotation_Ex" name="login" time="0.003"/>
</testsuite> <!-- com.testng.basics.Annotation_Ex -->
